  IDirect3D9Ex.cpp
  IDirect3DCubeTexture9.cpp
  IDirect3DDevice9Ex.cpp
  IDirect3DIndexBuffer9.cpp
  IDirect3DPixelShader9.cpp
  IDirect3DQuery9.cpp
  IDirect3DStateBlock9.cpp
  IDirect3DSurface9.cpp
  IDirect3DSwapChain9Ex.cpp
  IDirect3DTexture9.cpp
  IDirect3DVertexBuffer9.cpp
  IDirect3DVertexDeclaration9.cpp
  IDirect3DVertexShader9.cpp
  IDirect3DVolume9.cpp
  IDirect3DVolumeTexture9.cpp
  InterfaceQuery.cpp
  dllmain.cpp
I:\d3d9-wrapper-master\d3d9-wrapper-master\source\dllmain.cpp(265,25): warning C4838: conversion from 'FLOAT' to 'LONG' requires a narrowing conversion
I:\d3d9-wrapper-master\d3d9-wrapper-master\source\dllmain.cpp(265,25): warning C4244: 'initializing': conversion from 'FLOAT' to 'LONG', possible loss of data
I:\d3d9-wrapper-master\d3d9-wrapper-master\source\dllmain.cpp(265,30): warning C4838: conversion from 'FLOAT' to 'LONG' requires a narrowing conversion
I:\d3d9-wrapper-master\d3d9-wrapper-master\source\dllmain.cpp(265,30): warning C4244: 'initializing': conversion from 'FLOAT' to 'LONG', possible loss of data
I:\d3d9-wrapper-master\d3d9-wrapper-master\source\dllmain.cpp(265,35): warning C4838: conversion from 'FLOAT' to 'LONG' requires a narrowing conversion
I:\d3d9-wrapper-master\d3d9-wrapper-master\source\dllmain.cpp(265,35): warning C4244: 'initializing': conversion from 'FLOAT' to 'LONG', possible loss of data
I:\d3d9-wrapper-master\d3d9-wrapper-master\source\dllmain.cpp(265,47): warning C4838: conversion from 'FLOAT' to 'LONG' requires a narrowing conversion
I:\d3d9-wrapper-master\d3d9-wrapper-master\source\dllmain.cpp(265,47): warning C4244: 'initializing': conversion from 'FLOAT' to 'LONG', possible loss of data
I:\d3d9-wrapper-master\d3d9-wrapper-master\source\dllmain.cpp(266,23): warning C4838: conversion from 'FLOAT' to 'LONG' requires a narrowing conversion
I:\d3d9-wrapper-master\d3d9-wrapper-master\source\dllmain.cpp(266,23): warning C4244: 'initializing': conversion from 'FLOAT' to 'LONG', possible loss of data
I:\d3d9-wrapper-master\d3d9-wrapper-master\source\dllmain.cpp(266,28): warning C4838: conversion from 'FLOAT' to 'LONG' requires a narrowing conversion
I:\d3d9-wrapper-master\d3d9-wrapper-master\source\dllmain.cpp(266,28): warning C4244: 'initializing': conversion from 'FLOAT' to 'LONG', possible loss of data
I:\d3d9-wrapper-master\d3d9-wrapper-master\source\dllmain.cpp(266,35): warning C4838: conversion from 'FLOAT' to 'LONG' requires a narrowing conversion
I:\d3d9-wrapper-master\d3d9-wrapper-master\source\dllmain.cpp(266,35): warning C4244: 'initializing': conversion from 'FLOAT' to 'LONG', possible loss of data
I:\d3d9-wrapper-master\d3d9-wrapper-master\source\dllmain.cpp(266,47): warning C4838: conversion from 'FLOAT' to 'LONG' requires a narrowing conversion
I:\d3d9-wrapper-master\d3d9-wrapper-master\source\dllmain.cpp(266,47): warning C4244: 'initializing': conversion from 'FLOAT' to 'LONG', possible loss of data
I:\d3d9-wrapper-master\d3d9-wrapper-master\source\dllmain.cpp(267,25): warning C4838: conversion from 'FLOAT' to 'LONG' requires a narrowing conversion
I:\d3d9-wrapper-master\d3d9-wrapper-master\source\dllmain.cpp(267,25): warning C4244: 'initializing': conversion from 'FLOAT' to 'LONG', possible loss of data
I:\d3d9-wrapper-master\d3d9-wrapper-master\source\dllmain.cpp(267,30): warning C4838: conversion from 'FLOAT' to 'LONG' requires a narrowing conversion
I:\d3d9-wrapper-master\d3d9-wrapper-master\source\dllmain.cpp(267,30): warning C4244: 'initializing': conversion from 'FLOAT' to 'LONG', possible loss of data
I:\d3d9-wrapper-master\d3d9-wrapper-master\source\dllmain.cpp(267,35): warning C4838: conversion from 'FLOAT' to 'LONG' requires a narrowing conversion
I:\d3d9-wrapper-master\d3d9-wrapper-master\source\dllmain.cpp(267,35): warning C4244: 'initializing': conversion from 'FLOAT' to 'LONG', possible loss of data
I:\d3d9-wrapper-master\d3d9-wrapper-master\source\dllmain.cpp(267,47): warning C4838: conversion from 'FLOAT' to 'LONG' requires a narrowing conversion
I:\d3d9-wrapper-master\d3d9-wrapper-master\source\dllmain.cpp(267,47): warning C4244: 'initializing': conversion from 'FLOAT' to 'LONG', possible loss of data
I:\d3d9-wrapper-master\d3d9-wrapper-master\source\dllmain.cpp(268,23): warning C4838: conversion from 'FLOAT' to 'LONG' requires a narrowing conversion
I:\d3d9-wrapper-master\d3d9-wrapper-master\source\dllmain.cpp(268,23): warning C4244: 'initializing': conversion from 'FLOAT' to 'LONG', possible loss of data
I:\d3d9-wrapper-master\d3d9-wrapper-master\source\dllmain.cpp(268,28): warning C4838: conversion from 'FLOAT' to 'LONG' requires a narrowing conversion
I:\d3d9-wrapper-master\d3d9-wrapper-master\source\dllmain.cpp(268,28): warning C4244: 'initializing': conversion from 'FLOAT' to 'LONG', possible loss of data
I:\d3d9-wrapper-master\d3d9-wrapper-master\source\dllmain.cpp(268,35): warning C4838: conversion from 'FLOAT' to 'LONG' requires a narrowing conversion
I:\d3d9-wrapper-master\d3d9-wrapper-master\source\dllmain.cpp(268,35): warning C4244: 'initializing': conversion from 'FLOAT' to 'LONG', possible loss of data
I:\d3d9-wrapper-master\d3d9-wrapper-master\source\dllmain.cpp(268,47): warning C4838: conversion from 'FLOAT' to 'LONG' requires a narrowing conversion
I:\d3d9-wrapper-master\d3d9-wrapper-master\source\dllmain.cpp(268,47): warning C4244: 'initializing': conversion from 'FLOAT' to 'LONG', possible loss of data
I:\d3d9-wrapper-master\d3d9-wrapper-master\source\dllmain.cpp(269,23): warning C4838: conversion from 'FLOAT' to 'LONG' requires a narrowing conversion
I:\d3d9-wrapper-master\d3d9-wrapper-master\source\dllmain.cpp(269,23): warning C4244: 'initializing': conversion from 'FLOAT' to 'LONG', possible loss of data
I:\d3d9-wrapper-master\d3d9-wrapper-master\source\dllmain.cpp(269,26): warning C4838: conversion from 'FLOAT' to 'LONG' requires a narrowing conversion
I:\d3d9-wrapper-master\d3d9-wrapper-master\source\dllmain.cpp(269,26): warning C4244: 'initializing': conversion from 'FLOAT' to 'LONG', possible loss of data
I:\d3d9-wrapper-master\d3d9-wrapper-master\source\dllmain.cpp(269,31): warning C4838: conversion from 'FLOAT' to 'LONG' requires a narrowing conversion
I:\d3d9-wrapper-master\d3d9-wrapper-master\source\dllmain.cpp(269,31): warning C4244: 'initializing': conversion from 'FLOAT' to 'LONG', possible loss of data
I:\d3d9-wrapper-master\d3d9-wrapper-master\source\dllmain.cpp(269,43): warning C4838: conversion from 'FLOAT' to 'LONG' requires a narrowing conversion
I:\d3d9-wrapper-master\d3d9-wrapper-master\source\dllmain.cpp(269,43): warning C4244: 'initializing': conversion from 'FLOAT' to 'LONG', possible loss of data
I:\d3d9-wrapper-master\d3d9-wrapper-master\source\dllmain.cpp(260,17): warning C4996: '_vsnprintf': This function or variable may be unsafe. Consider using _vsnprintf_s instead. To disable deprecation, use _CRT_SECURE_NO_WARNINGS. See online help for details.
I:\d3d9-wrapper-master\d3d9-wrapper-master\source\dllmain.cpp(285,44): warning C4244: 'argument': conversion from 'int' to 'FLOAT', possible loss of data
I:\d3d9-wrapper-master\d3d9-wrapper-master\source\dllmain.cpp(1045,17): warning C4996: 'strcpy': This function or variable may be unsafe. Consider using strcpy_s instead. To disable deprecation, use _CRT_SECURE_NO_WARNINGS. See online help for details.
  Generating Code...
     Creating library ..\data\d3d9.lib and object ..\data\d3d9.exp
  d3d9-wrapper.vcxproj -> I:\d3d9-wrapper-master\d3d9-wrapper-master\data\d3d9.dll
